2
34
45
19
19
60
19
19
81
87
92
22
22
23
108
23
23
23
23
23
23
140
25
26
154
163
15
36
38
39
183
39
39
39
39
200
39
41
43
219
43
227
45
17
238
47
57
59
59
59
263
60
61
19
61
275
289
62
62
63
63
306
78
79
79
326
79
79
337
80
80
20
82
83
83
366
371
379
383
392
85
86
403
407
87
419
88
429
91
91
446
455
459
95
467
107
107
107
485
491
23
108
507
513
109
109
108
109
110
541
115
550
555
116
566
571
119
119
123
587
123
123
126
603
611
127
131
131
626
631
635
134
641
135
140
655
141
667
670
675
676
681
145
146
147
698
150
707
151
151
152
27
723
155
157
159
159
160
739
747
27
163
765
167
167
167
173
175
775
175
175
786
791
175
178
799
179
814
182
182
182
39
190
191
191
191
844
851
859
192
193
194
194
195
883
889
199
39
203
203
203
203
205
967
971
975
210
977
212
979
213
213
983
987
217
218
991
219
224
225
226
998
1001
227
227
43
229
230
1008
1011
1015
235
235
1018
236
239
239
239
240
1025
243
243
1032
247
248
248
249
250
250
1042
253
255
1047
1051
258
259
259
259
260
59
262
263
264
266
1064
1066
1069
271
272
1075
1078
274
1083
1087
279
279
279
279
1093
1114
1128
1128
1130
1131
287
287
62
291
291
291
294
295
293
295
297
1147
1149
299
1152
303
303
304
306
77
307
307
311
312
1167
1171
314
315
314
315
317
1182
318
319
323
323
323
323
1195
325
79
327
1202
329
330
330
335
335
335
1208
336
1225
1249
1263
1283
1285
1286
1286
1287
1289
349
349
349
350
1294
352
354
355
355
356
356
357
358
359
1337
1342
1343
1344
364
83
367
367
1351
372
373
374
374
375
1386
1388
1390
1392
83
380
380
381
1398
384
1404
1406
387
387
1412
1416
84
1420
392
1423
394
1428
399
401
402
1435
402
87
1439
403
87
1444
1448
408
410
1452
411
410
1457
1460
415
415
418
419
21
1468
421
422
1472
423
89
431
1478
431
431
431
431
1488
433
1491
432
435
437
438
1499
439
1503
443
444
444
1507
446
447
22
1512
451
451
451
454
94
455
455
456
458
1539
1556
1556
1557
1561
463
467
467
1568
1594
1598
1599
1602
471
475
475
1605
476
476
1610
1628
1643
480
1647
483
1651
1651
1653
487
1657
491
1663
491
492
493
1668
1671
1674
498
499
499
500
501
502
502
1683
506
506
108
1687
510
1690
511
1694
108
514
515
515
1702
522
522
1707
1710
523
523
523
526
1715
1717
527
530
531
531
531
532
533
1727
535
539
1731
539
539
111
541
543
1738
547
547
549
549
1743
550
115
1746
554
1749
1751
555
556
558
558
559
560
563
563
564
564
565
117
1761
1794
1796
1796
1796
573
574
574
575
579
1804
1808
581
581
1812
1837
1849
123
1849
1851
589
1853
591
1858
591
594
595
595
595
597
597
598
599
602
603
603
127
604
605
606
607
125
1876
611
612
612
613
614
615
619
619
1885
620
1887
622
623
625
131
627
627
132
1893
1922
1929
1930
633
621
635
1931
639
639
1938
642
1941
643
643
643
1946
647
649
1952
647
651
651
1958
1962
655
655
655
656
1966
1970
658
663
663
1973
665
665
1978
142
667
669
142
671
671
1995
2017
2019
2019
2020
143
679
143
682
683
683
2027
695
696
2030
697
697
698
699
2035
699
699
699
699
699
700
699
700
700
701
702
2060
2078
2080
2080
707
711
711
711
2086
715
715
2092
2095
716
717
2100
719
155
723
723
723
724
725
726
727
728
731
731
733
733
734
2111
735
739
161
740
740
741
2118
2146
2148
2149
2149
2151
748
749
749
751
751
754
755
755
755
756
2161
759
759
760
762
763
763
2199
2201
2202
767
770
770
771
771
773
774
2214
2218
2218
2220
2222
779
781
783
783
783
2230
175
787
787
790
791
791
175
2237
799
799
799
799
2244
800
800
2249
801
803
2254
2258
807
2262
809
810
809
2269
811
2274
2276
815
815
2284
2286
2289
2290
2301
2321
2326
824
825
825
2331
827
831
831
832
833
832
833
834
2344
837
838
2351
2354
2355
843
2359
845
2363
844
2367
847
850
851
191
851
854
854
2375
2379
858
192
859
2385
2417
2420
2420
2420
867
867
868
2428
2432
869
2436
871
2440
875
2444
875
879
2448
2452
2454
882
199
880
883
887
887
199
2465
2468
2472
2474
2476
895
896
897
897
897
898
2484
899
2488
902
903
903
906
2499
907
907
2505
2508
911
911
2513
915
915
915
917
917
919
919
2527
923
923
2532
926
927
927
927
934
935
935
935
2545
2547
935
936
936
2556
938
2559
2588
2593
2596
2597
947
947
947
949
950
950
951
951
956
2608
958
959
959
2617
2619
2621
2629
2656
2656
963
2660
206
968
969
969
2668
2670
207
974
2678
975
975
976
211
2686
2690
980
2694
984
2698
2700
986
215
987
990
990
991
43
226
999
999
2725
2729
999
2734
2738
2741
226
1003
1003
1007
231
1009
1010
1011
2750
1010
231
2758
2761
1014
2766
2775
2801
1018
1020
2835
2836
2836
2840
2840
2843
1027
1027
1031
1031
1031
247
1033
1034
2849
2852
1037
1039
2856
1039
252
1043
1043
2891
1047
2895
2897
2899
1049
2901
1050
255
1063
1063
2909
1064
1064
2913
2917
1064
1065
1065
1065
1065
1066
1067
2926
267
1068
271
1071
2937
1074
2941
1075
273
2949
1077
2950
273
274
1084
2958
2962
1085
2968
1086
2972
1091
1091
2977
2981
280
1094
1094
1102
2989
281
1121
1120
2993
2996
2997
1128
283
1128
1128
1128
1128
1128
1128
1128
3008
1128
1128
1128
1128
1129
1129
1129
1129
3022
286
1130
1131
1131
1130
1131
3029
1132
1132
3037
3040
298
3064
3077
3078
3081
3082
1148
1148
3086
1148
1148
1148
1148
1149
299
1150
1151
3098
3102
3105
1153
1154
3110
3114
3118
1168
1168
1168
1168
1168
1168
3130
1168
1168
1169
1168
1170
3169
3171
3171
3171
3174
1176
3179
3171
1181
1181
3183
1182
1183
1184
1184
3223
3224
3225
1192
1192
3232
1192
1192
325
3266
3275
3297
3299
3302
3304
3306
3307
3310
1204
1204
1208
3347
3348
3351
3352
1211
1212
1212
79
1239
1243
1246
3363
3364
1249
1249
1249
1249
1249
339
1249
1250
1250
1250
1250
1250
1252
1256
1256
1256
1261
1263
1267
339
1272
1274
1278
1279
1280
1283
3399
1283
341
1283
1284
3405
1284
1271
3411
3414
1285
343
3418
3440
3452
3453
3455
1286
1286
3460
3462
1286
3464
1286
3468
1286
1286
1287
1287
3472
3475
3478
3480
1287
1288
1288
1287
1288
3486
1288
1289
347
1289
1289
3496
3499
350
1295
3504
3508
1296
3532
3545
3545
3548
1339
3553
3553
1339
1339
1339
1339
1339
1339
1339
3565
1339
1340
1341
1341
1341
1341
1342
1342
3606
3609
3610
3610
3614
1343
1343
1343
1343
3621
363
1343
1343
1343
1343
1343
1343
1343
3635
3638
1343
1343
363
1343
1343
1345
3646
1346
3650
3654
1351
3658
83
1371
1380
1385
3667
375
1386
3676
1387
1387
1387
3686
3717
3719
1388
1388
1388
1389
3727
1389
1389
375
1389
378
1390
1390
3736
1391
1391
1391
1390
1390
1392
3743
3747
1392
3751
3754
1392
1392
3759
3762
3765
1394
3767
1395
3786
3801
3802
3804
3806
3808
1404
1405
1406
386
3812
3816
390
3820
1413
1414
1415
3828
1416
391
1418
3832
1419
391
1422
393
1424
1424
1427
395
1428
3862
3868
3869
3873
3823
1434
402
3879
1436
1439
1439
403
3886
1444
407
1445
3891
1446
1448
1448
3897
3901
411
1452
3907
1453
1454
1456
1456
3912
3917
415
1460
1464
1464
1464
1464
1467
419
1468
1468
1469
1469
422
3933
1476
3941
3945
1476
431
3949
1479
1480
1481
1483
1484
1484
1487
3963
432
3998
3999
4001
1491
1492
1496
4006
4010
1498
4014
1500
4017
4031
4054
4055
4055
4057
1506
445
1508
1508
4062
1512
1512
4067
1513
1514
1516
1516
1519
1519
4078
1520
1522
4081
1526
1528
4087
4091
4094
4101
4109
4128
4130
4132
1549
4133
1555
1555
1556
459
1556
1556
4145
1556
1556
4151
1556
4156
4159
461
1557
1557
1557
1557
1557
1557
462
4175
1557
1559
1559
463
1560
1563
1564
4189
467
4196
1583
1586
1579
4200
1591
103
1597
1596
1597
1598
4244
4245
4245
4246
4249
1598
4253
1598
1598
1598
1598
1598
1599
1598
1599
1599
1599
4268
4271
1601
4273
4281
4306
4332
4337
4337
4339
4339
4342
1606
1610
478
1610
4350
1613
1615
4382
4388
4388
1635
1638
1641
479
4396
4399
1645
4403
1647
1647
4408
1647
4412
1649
1649
1650
4418
1651
483
1651
4422
4424
1651
1651
4432
1653
1653
486
1654
4434
1655
1655
1654
1655
1655
4444
4445
1655
1655
1655
1656
4455
1658
4460
4462
1663
1663
4468
1664
4472
4472
4475
4476
1669
4480
494
1673
495
1674
1675
4485
1679
1679
4493
1682
503
1683
4501
1685
1685
4508
4512
1689
4512
1691
4516
511
4532
1695
4550
4583
4586
4586
4586
4590
520
1703
1703
1706
1707
1707
523
1709
4598
1711
1710
1714
1715
4606
1719
1719
1719
4617
1719
1721
1722
1722
1723
1728
1727
1728
534
4659
4663
4664
4667
1734
1734
1735
1735
4675
543
1739
4696
1743
4712
4712
4716
551
4720
1747
4723
115
1750
1751
555
1754
4760
4761
4764
4765
4766
4768
1759
4773
4777
1763
1764
1766
1768
4785
1772
1776
4791
571
1796
118
1796
1796
1796
1796
1796
1796
4804
4807
1796
1796
1796
1796
1796
1796
1796
1796
1796
4813
1797
4817
1797
1797
1797
1797
1797
4821
1799
1800
1802
4829
1804
580
1806
4834
581
1808
4864
4874
4875
4878
1814
4879
1821
582
1845
1846
4886
1847
1847
1848
1848
1849
4893
1849
4897
4901
1849
1828
1849
1849
1849
1849
1849
1849
1849
1849
1849
1849
4914
588
4918
1849
1849
1849
1849
1849
1849
1850
589
1851
590
1855
1856
1856
591
1859
1859
1860
1861
1865
1865
1865
1866
1865
1867
1868
1869
1873
1874
1876
611
1876
1877
4960
4987
4994
1881
1881
1881
1883
1884
1885
620
621
1888
1888
1889
1893
1893
631
1893
5049
5056
1896
1911
1909
1910
1916
1918
631
1927
1926
1927
1928
1927
5072
1929
1929
632
1929
1929
1929
1929
1929
1929
1929
1929
1929
633
1930
1930
5113
1930
1930
1930
1930
1930
1929
133
1932
1934
1934
5137
135
1938
1938
1939
1942
643
1942
1946
1946
1946
1947
644
1948
1949
1950
651
1954
1954
1954
5149
1958
651
1958
1960
1960
1961
24
1966
1966
1966
659
1968
1969
659
1970
664
1973
1974
1974
665
1978
1978
1978
1981
1982
1982
1982
673
2003
2008
2009
2011
2013
2016
2016
674
2017
143
2019
2018
2019
2019
2019
2019
5173
2019
5262
2019
2019
2019
2019
675
5320
2019
5291
2019
2020
2020
2020
676
2021
2021
2019
2021
2020
2021
2022
2022
2027
2027
2027
683
697
2030
2031
2031
2034
2035
147
2035
2038
2039
2039
2039
2041
2042
2043
2043
703
2071
2075
2077
2077
2077
2077
2077
2077
2077
2077
2078
2077
2078
2078
2078
2079
705
2079
2079
2079
2079
2079
2080
2080
707
5318
5464
2020
2080
2080
2080
5325
2080
2080
2080
151
2081
2084
2085
712
2087
2088
2087
2088
2092
715
2092
2092
2093
716
2096
2096
2098
719
2100
2100
2101
2102
2105
2105
2105
2105
2108
2108
2110
2111
735
2112
742
2125
2127
2129
2129
2131
2132
2135
2137
2141
2143
2145
2146
743
2147
2147
743
2149
2149
2149
2149
161
2149
2149
2149
2149
2149
747
2149
2149
2150
2151
747
2152
2152
2152
2152
2152
2152
2152
2153
2156
2156
2156
2157
2161
757
2161
2161
2162
2163
2163
2165
2186
2196
2199
2199
2199
166
2200
2200
2200
2201
2201
2201
2201
2201
2080
767
2202
2202
2202
5464
5852
2202
2202
2202
2202
2202
2202
2202
2202
767
2202
4958
2202
2203
5020
2202
2203
2204
2204
2205
2206
2209
2210
2210
2210
775
2214
2214
2214
2216
2217
175
777
2219
778
2221
779
2224
2225
2226
2226
2230
5851
2230
5851
2231
2233
5897
2234
797
2238
2238
2238
2242
5865
2243
5972
2244
6054
178
2246
2248
5991
2250
2250
2252
2252
2254
803
2256
2257
807
2258
5901
5852
6119
5853
2264
6131
5897
5901
6135
5901
5899
5899
5898
5899
5896
5896
5900
6150
5894
5896
5901
5896
5901
2285
5896
5901
6163
5901
5900
5901
5900
5901
5901
5900
5965
5901
2297
6177
5901
5901
5911
5892
6208
6215
6216
5901
5901
5963
5901
5901
5901
6227
5901
5901
5892
5936
2324
5936
6267
6269
6270
5936
6273
5924
5891
2325
6281
5892
5936
5927
5965
5965
2331
5965
6295
6054
6054
5899
2339
5975
2339
2343
5966
6309
6337
5966
6343
2346
5973
5967
5974
5967
2351
5971
5858
2355
5859
5967
6360
5967
5972
5865
5976
5981
2363
6054
2367
6054
6054
5972
5972
5982
5975
6386
5976
2376
5978
5978
5983
6054
855
5983
5975
2383
6054
6054
6406
5979
6407
5983
5979
5979
5967
6423
6438
6446
6447
6449
5979
6453
5968
862
5972
5979
2420
2420
5969
5901
2421
5901
2422
5901
6472
5980
5970
5971
2420
6054
2423
2423
6103
5970
6489
6105
2424
2424
2427
5971
6499
6500
6503
6107
6111
6112
6113
5901
5901
6514
2438
2439
875
6519
875
2444
2444
2444
2448
879
2449
2450
2450
2452
6527
880
2454
881
2456
2456
6535
2460
6539
2460
2461
2462
6545
2464
887
6551
2468
6553
2471
891
2472
2472
6561
2475
2475
891
2480
2482
6571
2483
2484
2484
899
6578
2484
2488
899
6609
6615
6616
6616
2492
2496
2496
2497
2497
6625
6655
6657
6657
6671
6687
6691
6693
2506
2507
2507
911
2512
2512
914
2514
2514
6706
2516
6709
2520
6714
6714
6715
2524
6717
2524
2524
2525
6719
6721
2528
2532
2532
2532
6728
2534
2535
2536
2536
2543
2544
2544
6734
935
2545
6738
2544
2546
2548
2548
6759
6779
6780
6783
2553
2554
2556
2556
6787
939
6791
2560
2561
2567
2571
2573
2578
2580
941
2583
6803
2593
2593
2593
2593
6811
6812
6815
2594
2594
2594
6849
6852
2595
2596
6856
6858
6860
2596
6864
2597
2597
6869
2597
943
2597
6876
6879
2597
2597
2598
2598
2601
6883
2603
2603
2605
2606
2607
2608
957
2609
2613
2613
2613
2613
6900
959
2617
6908
959
6912
6914
959
6937
6949
6949
6951
2636
2638
2645
2646
2648
2652
6957
962
6961
2657
6962
6965
2657
6990
6999
2657
7004
7006
7007
2658
7009
7010
2658
2658
2658
2658
2658
7022
7025
963
2658
7030
7034
2659
967
2661
2662
7044
7063
2669
7079
7082
7083
7084
7086
7087
7090
2674
2674
7095
7098
2678
7103
2681
2681
7111
7114
2686
2686
7119
2688
2688
7127
7130
212
2691
2693
2694
7136
2695
2697
2698
7145
2699
985
2702
2702
2710
7155
7158
2712
2712
2713
2713
2713
7170
2714
2714
2714
2716
7181
7183
2719
2720
2720
2722
2722
2724
999
2726
7194
999
2730
7198
2730
7203
7207
999
2734
2736
999
7210
2739
2740
2741
1001
2742
2744
2744
2745
2745
2750
2750
7256
7258
7260
7261
2753
2754
1013
2759
2759
7271
7274
1014
7278
7283
234
2766
2767
2768
1018
2795
7291
7293
7305
7320
7328
2816
2824
2831
7334
7367
7370
7370
7372
2836
2836
2836
7379
7382
1022
2837
2838
1023
7390
7394
2838
7397
2839
2839
7402
7406
2840
2840
2840
2840
7412
2840
1023
2840
7420
2840
7426
2840
7432
2840
2840
2841
7440
2841
243
2842
7448
2842
2842
7455
7458
2843
2843
7464
7486
7499
7500
2844
2844
7506
2840
2844
2844
2844
7511
2844
7515
2844
2844
2844
2844
7523
2846
2847
2847
2848
1035
2850
2852
1035
7532
2856
2856
7540
7565
7576
7576
1043
7580
2892
2892
2892
2893
2893
2893
2893
7592
7595
7596
2894
2893
2895
2893
7603
2896
7606
2897
2897
2897
2897
7612
2897
2897
2897
2897
2897
7617
1049
7624
2897
2897
7632
2897
2897
2898
2898
1049
2901
1050
2903
2903
2905
2906
7647
7648
7652
7655
2913
2913
1064
7663
2915
7668
7671
1064
2918
2919
7676
2921
2924
2925
1067
2926
2927
2928
2928
2929
2933
2933
7688
7710
7723
7723
2936
1071
2941
1075
2942
7733
2943
7737
7741
7744
1077
2949
7749
2951
7757
7759
2953
2953
1085
7765
2960
7769
7780
7790
7795
7806
1085
2964
2965
2965
7813
1085
2969
7819
62
2973
2973
7826
2977
2977
2977
1091
2978
2979
1093
2981
2987
2988
2988
2989
7842
7842
7846
2989
2990
2991
2992
1124
2994
7854
1127
1127
7860
3001
3001
3002
3002
3005
3003
7872
3006
3008
283
3009
7879
7900
7913
7915
7915
3021
3022
1130
3024
3024
3024
7925
3024
3023
3024
3025
3029
3029
287
3029
3030
3031
3033
3033
1132
7939
3037
3038
7943
3039
7947
3041
1148
3076
7954
7983
7987
7988
3078
3078
3078
3078
7996
3079
3078
3078
3079
3079
1148
3081
3080
3082
8008
8042
8044
8045
3082
3082
3082
3082
8050
8053
3082
3082
3082
1148
8061
8062
3082
3082
3082
3083
3083
3082
3086
3086
1148
3088
3089
8108
3090
8110
8114
8114
8124
8143
8149
8151
8152
3100
3101
3102
303
1152
3105
3106
3106
8163
8164
3112
3112
3113
8169
3114
1164
3116
3117
313
3118
3124
3125
8178
3126
3126
3126
3126
3126
3128
3130
1168
3130
3133
3133
8187
3134
3147
8194
3169
1172
3170
8196
3171
3171
8204
3171
8210
8213
8214
3171
8240
8248
8248
8249
8250
8252
8253
8256
3171
3171
3171
3171
8260
8262
3171
1173
3172
3172
3172
3172
8268
3173
8271
1174
3174
3175
3179
1176
3179
3179
1180
3183
317
8284
3184
3185
3185
3187
3187
3190
8291
8306
8326
8327
8329
3219
1190
3224
3218
8333
8336
3224
3224
3224
8343
8363
8377
8377
8377
3224
3224
3225
8381
8409
8415
8415
3226
3226
3225
3226
3226
3227
3227
3227
3227
3227
3228
8427
3228
3228
8429
3231
1192
3232
8433
8435
3267
8439
3267
3268
3270
3273
8456
8474
8476
8476
8478
3283
3284
3286
3287
3291
8482
3293
3295
8484
3297
3300
3300
8488
1200
3301
3300
3302
3302
3302
3302
8495
3302
3301
3302
3302
3302
8504
1200
3302
3302
3302
3302
3303
3303
8512
3303
8516
3302
3304
8519
3305
3304
3305
8524
3305
8527
3305
3306
8531
3306
3306
3306
3306
3306
8537
8540
3306
1202
3306
1202
8544
3308
3306
8548
329
8552
8554
3344
8560
8560
8594
8596
8597
3347
8597
3347
3347
8602
3347
3347
8609
3348
3348
1210
3347
8615
3348
3349
3349
3349
8621
3350
3349
3350
8626
3350
8633
8663
8665
8666
8666
3351
3351
8670
3351
8674
1211
3353
8676
3355
3358
8680
8701
8714
8715
8717
3363
1248
8723
3367
3367
8729
3371
3371
8735
8736
3372
3374
3374
3375
3377
8747
3378
3379
8752
8754
8767
8788
8788
8790
3386
8793
8795
3393
8799
8800
3395
3395
3395
3395
1283
3399
3399
3399
3401
3402
8816
3403
1284
3407
3407
3407
8847
8857
8858
8861
3412
3413
1285
8865
8867
3418
1286
8872
8873
3428
8877
1285
8879
3450
8885
8885
8889
3452
3452
8893
8895
3452
1286
3452
3452
3452
8904
3453
3453
8909
3454
8912
3454
3455
3455
3454
3454
3455
8921
3455
1286
3455
3456
3455
3456
8931
3460
1286
3460
3461
1286
3463
1286
8941
3468
8944
8945
3470
8948
8952
3472
1287
8956
3476
3476
3477
8961
3479
8973
3483
8977
3484
3484
1289
8983
3487
8988
8989
3492
3492
3492
3494
8997
9001
3496
3497
1294
9006
9009
9021
9045
9046
3504
9050
3506
3508
1295
9085
9087
9090
9091
9091
3544
9097
9099
3545
9103
9105
9107
3545
3545
9111
3545
3545
9141
9161
9178
9180
9181
9183
9185
9186
3547
3547
3547
9189
3547
3547
3548
9197
3548
3548
9199
9204
9229
9234
9234
9237
1339
3553
9243
9246
3555
9249
9254
3557
9256
3559
3560
3561
9265
3565
9271
9274
3602
3603
9278
3606
9282
9283
1342
3606
3606
3606
3606
3606
3606
3606
9294
3606
3607
3608
3607
9302
3608
363
9306
3610
3610
3610
9315
9318
3610
3610
9322
9324
3610
3610
3610
9327
1343
3610
3610
3610
3610
9338
3611
3610
9342
3613
9346
1341
9350
9351
9354
3618
3618
3620
1343
3622
9361
3634
3634
9363
9366
3635
3636
9370
3636
3637
3637
3637
3638
9375
1343
3638
9380
3640
3640
3641
9386
9390
3646
1345
9418
9427
9427
9431
1347
9435
9436
9439
3654
3658
9443
9446
3659
3660
3660
9448
9467
9483
9484
9487
9488
9488
3669
9495
9512
9524
9525
3677
3677
3678
3678
3678
9533
3680
3681
3682
9537
9541
1388
3695
9544
3701
3706
9547
3713
3715
9551
3715
3717
9556
3717
3717
3717
1388
9565
3718
3718
9569
9571
3719
3718
9575
3719
9580
3719
9585
3719
3719
3719
3719
3719
3719
3719
9598
9601
3722
9605
3723
3726
9608
3727
1389
9613
3735
3735
3735
3735
3735
3735
9624
1390
3737
9653
9661
9662
9664
3743
1392
9670
9674
1392
9677
3751
1392
3752
3752
3753
9685
1392
3755
3758
9693
3759
9698
9702
3763
3763
3763
9708
3767
3767
3767
1395
3776
84
3791
3792
9718
3796
9752
9755
9755
9782
9790
9792
9793
9794
3802
1400
9799
3802
3804
9804
3804
9808
3804
9812
3804
3804
9836
9847
9849
3804
9852
3805
9857
9859
1404
3804
9865
3807
9869
9871
9873
3812
1407
3812
9878
3815
1408
9885
3820
9888
1413
3820
3821
3822
3824
3826
1415
9901
9904
3831
3832
9909
1418
3833
3850
9915
9932
9950
9950
3867
3867
3868
9958
9961
3868
9965
3869
1432
9970
3869
3869
3869
3869
3869
3869
9981
3869
9986
9989
3869
9990
3870
9994
3871
9998
3871
3872
3872
3872
1432
3872
3873
3873
3872
1433
3874
3877
3877
3877
1436
3879
3880
3881
3885
1440
3887
3887
3887
3887
3889
3890
1446
3892
3892
3893
3897
407
3898
3899
3899
3901
3900
1452
3905
3905
1452
3908
3908
3908
3908
413
3913
3913
3913
3913
3915
3916
1458
3917
3918
3920
3921
3921
3924
3925
3925
3926
3927
3927
3927
3929
3933
3933
1472
3935
3935
3936
3936
3937
1476
3941
3941
3942
3943
3944
3943
1476
1479
3949
3949
3949
3950
3953
3953
3955
3955
3956
3957
3957
3961
3961
3961
3963
1488
3964
3964
3973
3983
3987
3989
3991
3995
3992
3997
3997
3997
3997
3998
1488
3998
3998
3997
3998
3998
3998
3998
3998
3998
3998
3998
3999
3999
4000
4000
1489
4001
4001
3999
434
4001
4002
4002
4002
3999
4006
1496
4006
4007
4009
1497
4009
4010
439
4014
4014
4014
4015
4016
4018
1500
4021
4023
1498
4029
4028
4044
4044
4047
4048
4049
4052
4052
4052
4052
4052
4053
4053
4053
4054
4054
443
4054
4055
4054
4055
4055
4055
4055
4055
1504
4055
4055
4055
4055
4055
4055
1504
4056
1504
4058
4059
4061
1512
4063
4063
4066
4067
450
4068
4069
4070
4070
4071
4075
4075
4075
4076
4077
1520
4078
4079
1523
4083
4083
4083
4087
4087
1532
4089
4089
4089
4090
1536
4093
4095
95
4098
4098
4101
4101
4101
4103
1541
4107
4107
4110
4111
1547
4115
4127
4128
4128
4128
4128
4128
4128
4128
4128
4128
4128
4128
4128
4128
1550
4128
4128
4129
4129
4128
4129
4130
1553
4131
1555
1555
4136
4137
4137
4138
4139
4140
4140
4144
4144
4145
4146
1555
4146
4147
4148
1556
4152
4152
4152
4154
1556
4156
4156
4157
1557
4160
4160
4164
4164
4165
4166
4165
4167
4168
4168
4172
4172
4174
4174
1557
4175
4175
4176
4180
4180
4181
4182
4183
4182
4184
4184
4188
4188
4188
1565
4190
4191
4192
4192
4194
4195
1574
4196
4200
1590
4202
4203
4204
4203
4204
4204
4205
4206
4208
4208
4215
4232
4239
1598
4244
4244
4245
4245
4244
4245
4245
4245
4245
1597
4245
4245
4245
4245
1598
4245
4246
4246
4247
4247
4245
4247
4247
4247
4248
4248
4249
4249
1598
4249
4247
4249
4249
4249
4249
4249
1598
4250
469
4253
4253
4265
4266
4267
1599
4268
4269
4269
4269
4269
4269
4269
4269
4269
4269
4270
4269
1598
4271
4273
1601
4273
4280
4286
470
4290
4292
4292
4294
4295
4297
4297
4300
4300
4303
4302
4303
4307
4309
1601
4311
4314
4314
4311
4317
4318
4320
4317
4322
4323
4325
4329
4325
470
4336
4337
4325
4337
4337
4337
4337
1601
4337
4337
4337
4337
4338
4338
4337
4339
1602
4338
4339
4339
4339
4339
4339
1604
4339
4339
4339
4339
4339
4339
4340
476
1606
4343
4343
4339
4343
4344
4345
4346
4347
1610
4351
4351
4351
4357
4365
4372
4376
4374
4380
1620
4386
4385
4386
4386
4386
4387
4387
4387
4387
4387
4388
4388
4388
4388
1624
4388
4388
4388
4388
4388
4388
4388
4388
4388
4388
4388
4388
4389
4390
479
4391
4388
4391
4392
1644
4396
4396
4397
4397
4399
1644
4400
1646
4404
4404
4404
4406
4407
1647
4408
4409
483
4412
4412
4413
4414
4415
4416
1650
4419
4419
4420
1651
4423
4424
1651
4425
4426
4428
4428
107
4432
4432
4432
1653
4435
4436
4436
4440
4440
4441
4442
4442
4443
4443
1655
1655
4447
4448
4448
4450
4451
4452
4452
4454
4454
487
4456
1659
4460
4460
4460
107
4462
4463
4464
4467
1663
4468
4468
1667
4472
4472
1667
4472
493
4475
1669
4478
4479
1670
4480
4484
1678
4486
4485
4486
4487
4487
4488
4492
4492
4492
1679
4494
4495
4496
4496
4499
4500
4500
4502
1683
4503
4504
4504
4508
1687
4509
4510
4510
4510
4512
507
511
1691
4516
4516
4521
4526
4529
4531
1695
4543
4544
4547
4559
1695
4574
4573
4575
4578
4580
4580
4577
4583
4583
4583
1697
4583
4584
4584
4585
4585
4585
4584
4585
4586
1698
4585
4586
4586
4586
4586
4586
4586
4586
4586
4586
4586
4586
4586
4586
4587
1698
4587
4586
4588
4588
4588
4588
1699
4587
4586
4589
4589
4589
4589
4590
4589
4590
4590
4590
1701
4590
4590
4590
4590
4590
4590
4590
4590
4591
4592
4593
4594
4598
523
4599
4598
4600
4600
4601
4602
526
4607
4608
4608
4608
4609
4610
4610
4614
4614
4615
4616
4617
525
4618
4618
1729
4659
4659
4659
4660
4660
4660
4660
4660
4661
4661
4662
4662
4661
4663
4663
4663
4663
1730
4663
4663
4663
4663
4663
4664
4664
4663
4664
4664
1730
4664
4665
4665
4665
4665
4665
4666
4666
4667
4666
539
4667
4667
4667
4665
4667
4667
4667
4667
4668
4669
4671
4671
4673
4674
4675
1737
1739
4704
4706
4708
4710
4710
4710
4711
4711
4711
4712
4712
4712
4712
4712
4712
4712
4712
4712
4712
549
4712
4713
4713
4714
4714
4714
4715
4715
4716
1743
4715
4716
4716
4716
4716
4716
4716
4716
4716
1743
4718
4719
1747
4720
1747
4724
4724
4724
1755
4761
4761
4761
4761
4761
4761
4761
4761
4762
1755
4761
4763
4763
4764
4764
1755
4765
4764
4765
4763
4765
4765
4765
4765
4765
4765
4765
1757
4766
4766
4766
4766
1758
4766
4767
4767
4767
4767
4767
4767
4767
1759
4769
4769
4771
4772
4773
567
4775
4776
4776
1762
4783
4784
4785
1769
4785
4785
4785
4786
4787
4787
4789
4790
1790
4793
4793
4793
4803
1796
4805
4805
4805
4805
4805
4805
4805
4805
4805
4806
4806
572
4808
4810
4812
4813
4813
1796
4816
4817
4817
572
4821
1798
4822
4822
4822
4823
4824
4825
4827
4828
4829
1803
4832
4833
4833
4833
1807
4836
4836
4837
4840
4846
4856
4860
1812
4862
4873
4869
4873
4873
4874
4874
4874
4874
582
4874
4874
4874
4874
4874
4874
4874
4874
4874
4874
4874
4875
1813
4875
4876
4875
4876
4877
4875
1813
4876
4878
4878
4878
4878
4878
1819
4880
4881
4882
4883
4886
4886
1846
4893
583
4894
4894
4894
4894
4894
4894
1849
4898
4898
4898
1849
4902
4901
4902
4904
4904
4906
4906
4909
4910
4910
4910
4913
1849
4914
4914
1849
4918
4918
4918
4921
4922
4922
4922
4925
4925
4925
4954
4954
4957
4958
4958
1877
1877
4994
4994
4994
4994
1881
4995
4995
4999
5063
5072
5072
1903
1896
5053
5064
5103
5072
5106
1930
5137
5127
5162
5262
2019
1957
5294
5294
5294
5318
2019
2020
5324
2080
2079
5464
2080
5465
5465
2201
5843
5843
2202
5851
4942
5465
2202
5862
1915
5134
5173
1937
5134
4946
2202
2202
4963
4986
5901
4989
4991
4991
4993
4994
4994
4994
4994
4994
4994
4994
4995
4995
4995
4995
4995
4995
4997
4999
5000
5003
5887
5851
5901
5865
5851
785
5897
5892
5855
5851
5851
2230
2234
5851
5865
5865
5881
5887
5865
5887
5887
5888
5898
5901
5867
5886
5888
2242
5901
5888
5888
5901
5901
5901
5888
5901
5888
6054
5901
5901
5888
5901
5888
5901
5888
5901
5888
5901
5869
5901
5865
4956
5901
5887
5901
5888
5901
5888
5901
5870
5901
5888
5901
5888
5901
5901
5901
4946
5901
5888
5901
5851
5888
5901
5869
5901
5888
5901
5888
5901
5888
4946
5901
5874
5872
5901
4949
5877
5888
4946
5888
5875
5901
5880
5901
5889
4946
5889
5878
5896
5901
5901
5883
5896
5901
4950
5901
5889
5901
5896
5901
5896
5872
5897
5885
5901
5886
5901
5901
5901
5901
5888
5901
5886
5886
5889
5885
5901
5889
4946
5888
5892
5886
5892
5890
5901
5892
5890
5901
5892
5890
5886
5901
5890
5890
5901
5890
5901
5901
5892
5901
5892
5892
5901
5892
5901
5892
5893
5889
4995
5893
5890
5893
5892
5891
5901
5891
5893
5891
5893
5893
5892
5894
5894
5901
5894
5901
5894
5901
5894
5891
5901
5891
5901
5891
5893
5901
5891
5890
5901
5891
5901
5901
5901
5901
5901
5001
4995
5901
5901
5901
4996
5901
5901
5003
5901
5901
5901
5901
5901
5901
5901
5901
5901
5901
5901
5901
5901
5901
4995
5901
5901
5901
5901
5901
5901
4998
5901
4995
5901
5891
5901
5891
5901
5901
5891
5901
5891
5901
5891
5901
5891
5901
5891
5004
5901
5901
5901
5901
5901
5901
5901
5901
5901
5901
5901
5901
4995
5901
5901
5901
5901
5901
5901
5901
5901
5901
5901
5901
5901
5901
5901
5901
5901
5901
5901
5901
5901
4995
5902
5902
5903
5903
5905
5906
5907
5903
5908
4995
5918
5919
5917
5921
4950
4950
4942
4951
4946
4942
4942
4946
4946
4950
4942
5901
4943
4942
4953
6059
4946
4942
4946
4954
5855
5901
5856
5861
5980
6054
2243
2244
5973
5901
5986
801
5996
5901
5971
5971
2261
5971
6117
5852
5971
6117
5852
6117
6117
2262
6118
5901
6118
5901
6117
5901
6119
6119
6119
5901
6119
5901
6119
5901
6119
6119
6119
5901
6119
5901
2262
5901
6120
5853
5901
6121
5852
5901
6122
5901
5901
5853
5901
6123
809
5901
5853
6127
6124
6128
5901
5853
6129
5901
6131
6131
5901
5896
2265
5897
5967
5901
6131
5897
5897
5897
2266
5901
5896
6132
6133
5901
5898
5901
5898
5898
2266
5898
6134
5898
5898
5899
6135
5897
2268
5901
5899
5901
5894
5899
5901
6136
811
5899
5899
5899
6139
6139
2270
5893
6139
5901
5896
5899
2270
5901
6140
5899
5901
6141
5899
5896
5901
2273
5896
5901
5899
5901
5901
5901
6143
2273
5896
5901
6143
5899
5896
5899
5901
5899
2274
5900
6145
5900
5896
6146
5901
6147
179
5900
6147
5899
5901
5900
5901
5900
5896
815
5901
5896
5900
5896
5900
6149
5894
5895
2277
5895
5901
5896
6151
5901
6151
5896
5896
5895
5896
2278
5896
5901
5896
5895
5901
2278
5895
5896
6153
5896
5896
5901
5901
2282
5901
6155
6155
5901
5901
5896
5901
5896
6155
5901
5901
817
5901
5896
6156
5901
5896
5901
5901
6158
5896
2285
6158
5901
5901
5901
5896
5901
2285
5901
6159
5901
5901
5901
5896
5901
6161
5901
5896
5901
5901
5901
2285
6162
6163
5901
5901
5901
5901
2286
5901
5901
5901
5901
5901
5901
818
5901
5901
5901
5901
5901
5901
2288
6165
6166
5901
5901
5901
5901
6167
5900
2289
5900
5901
6167
5901
5901
819
5891
5901
5901
5901
6169
819
5901
6170
5900
5891
6171
5901
5900
2293
6171
5901
5901
2293
5891
5901
5901
5901
5901
6173
6174
5901
5891
5901
5901
5901
2293
5901
6175
5901
5901
2295
5900
6175
5901
5901
5901
5900
5901
5901
5901
5900
5901
5899
5901
5901
5901
5901
5901
6179
2300
5901
6179
5900
5891
5900
822
5901
5901
6179
5901
5891
5901
5901
5909
5891
5909
5901
5910
2303
2309
6188
6191
5900
5911
6196
6191
5900
5912
6193
6200
6203
6198
6207
6209
2309
6212
6213
6213
5912
6213
6213
5913
6214
6213
6214
6215
6215
5914
6215
2313
5901
6216
2312
6216
6216
5901
6216
6216
5914
5892
6216
5901
6216
5942
2312
6216
6217
5943
5900
6217
5915
5943
5901
5915
5945
5944
2316
6217
5916
6218
6218
5946
5917
6217
5947
6219
2317
6220
5891
5918
5901
5901
2319
5964
6220
5935
5964
5901
5964
2319
6222
5964
5965
5965
6223
5901
5965
6224
5892
5965
5901
5976
5965
2322
6224
5865
5900
5946
5901
823
6225
5901
5892
5901
2324
6227
6228
5901
2324
5908
5901
5901
2324
6229
6231
5901
6231
5901
5892
6232
2324
5892
5930
5892
2324
5892
5930
5901
5931
5936
5892
5936
6248
5934
6262
2324
6266
6266
6266
6266
6267
6267
6268
2324
6268
6266
6269
6269
6269
6269
6269
6269
6269
6269
6269
6269
6269
6269
2324
5936
6269
5936
6269
6269
5901
6270
6271
5938
2324
6269
6270
6271
6271
6271
5922
6272
2324
6271
6273
6271
5948
5923
5940
5932
2324
5923
5940
5936
2325
6274
5951
6275
5936
5925
6277
6277
5928
823
5953
5892
5955
5936
5949
6279
5936
6280
5957
6281
2326
5892
5958
5892
5941
5920
2327
6282
6283
5892
5959
5959
5960
5961
6285
2325
5955
6286
6287
826
6288
5965
6289
6286
5965
2331
5929
5965
5961
5965
5965
2331
6292
6292
6292
5892
5965
6293
2332
5965
5962
5926
5965
5965
5895
5962
2333
6295
6297
5965
6054
6297
6054
2335
6059
2336
6299
6300
6301
6054
2338
6301
6302
6054
2339
6305
6305
6305
5996
5965
5965
5980
5965
5975
2343
6308
6309
835
6318
6059
5966
6323
6317
6329
6332
6334
6336
6339
2344
6342
5966
6342
6342
5971
6342
6342
5966
6342
6342
2345
6342
6342
6342
6342
6342
6342
6343
6343
6343
6344
6342
6344
6344
6344
6345
6345
6344
6345
6345
5975
5967
2346
5975
5971
6346
5967
2347
6346
5974
2350
5973
5971
5967
839
6348
5967
5973
6348
5975
5857
6350
5966
5971
5975
6350
2351
5971
5857
5971
6351
5975
5967
839
5974
6353
5858
6354
5975
5971
2355
6354
5975
5972
5975
843
6356
6357
5975
5972
5967
5975
6358
5975
5972
5967
5859
5967
6358
2358
5972
5967
5860
2358
5975
6361
5972
6362
5967
5975
2359
6362
5865
5976
5980
5972
6363
5976
5981
6365
191
5967
5981
6366
5972
5981
2360
5975
6366
5972
5981
6367
2362
5979
6054
6368
5975
5981
6369
5975
5975
6370
847
6054
5975
5976
5981
5972
6054
5982
2366
6374
6374
6374
6374
5977
2367
5977
6054
6377
6376
5982
5977
847
6378
5982
6378
5977
6054
854
6054
6054
5982
6054
6054
5975
2375
6380
6054
2375
6382
6381
6054
6382
5975
2375
6383
5982
6385
6054
5975
6054
2375
5982
6054
6386
5977
5983
6054
5975
6387
2375
6388
5972
5983
5975
2377
6390
5983
5975
5978
5975
6390
5983
2377
6391
5972
2378
6392
5978
5983
2379
6394
5982
6394
6054
5975
2381
6396
6397
6398
5979
2382
6398
5983
6054
5975
5978
5975
6054
6400
2383
6401
6401
5979
6054
5983
6402
6054
5983
860
6054
5983
5979
5983
6404
5979
6054
6405
5979
6054
2386
5975
5979
6406
2387
6054
5970
5979
2390
6054
6409
5967
5979
6409
5967
2394
6410
6054
5983
2398
6054
5983
2401
6054
6411
6412
2404
6418
6417
6419
6419
6423
6427
6422
5983
6430
6054
6434
2409
5968
6054
2401
6437
5983
6444
5979
6445
6445
6445
6446
2413
6447
6447
6446
6447
6447
861
6448
6448
6449
6449
2416
6450
6449
6450
6451
6451
6451
5968
6451
5979
6451
2420
6451
6451
5968
2420
6454
6455
5973
2420
6455
5979
2420
6457
6458
6459
6459
5968
2420
5973
5968
5979
5969
5969
5979
5983
6461
5967
6462
5979
6463
2420
5979
6463
5969
5970
5969
863
5901
5973
6464
5901
5971
5901
6466
5970
6467
2422
5901
6467
5979
5970
5979
5979
6470
6470
6471
2422
5980
6471
5979
5980
2423
5979
5980
6474
5979
2421
6474
6475
5970
5985
2423
5987
5971
6476
5986
5990
6477
2423
5979
6478
6054
6479
5993
6054
5980
5971
6054
5971
6054
5991
6054
6054
6481
6054
6054
6054
2423
5992
6483
6054
6483
6054
5901
5991
5971
6483
5901
6103
6484
6103
5901
6103
5901
863
6103
6486
6103
6486
5971
6487
6104
2423
6104
5971
6103
6105
6105
2423
6105
6490
6491
2423
6491
6054
6106
5901
6106
6494
6494
6495
6106
6495
5901
6107
6107
5901
6107
6107
2428
5901
6498
6107
6498
5901
5901
6107
5901
867
6107
5901
6499
6108
5901
6110
2429
6501
6111
5901
6503
6111
5901
2429
5901
6111
6111
2431
6107
5901
6505
6111
5901
6111
6505
5901
5901
2431
6111
6111
6112
6506
6113
6113
6507
869
2433
5995
5901
5901
6510
6510
2434
5901
6511
6511
2435
5901
5901
5995
5901
6512
6513
6114
5901
6113
5901
5899
870
6515
6517
6518
2440
6519
6527
2451
6528
6528
6528
6528
6528
6528
6528
6529
6531
6531
6534
6535
2459
6535
2460
6539
6539
6539
6540
6540
6542
6543
2463
6546
6546
6547
2467
6551
6551
6551
890
6555
6555
6555
6558
6559
6559
6559
6560
890
6562
6563
6566
6567
6567
6567
6568
6571
2482
6571
6574
6575
6575
6575
6578
2483
6579
6579
6600
6607
2489
6613
6613
6613
6613
6614
6614
6615
6615
6615
2490
6616
6616
6616
6616
6616
6616
6616
6616
6616
6616
6616
6616
6616
2492
6616
6617
6616
6617
6617
6618
6617
6618
6618
2492
6619
6618
6620
6620
6622
6623
6623
2498
6631
6638
6639
6641
6649
6644
6656
6656
907
6657
2499
6657
6657
6657
6657
6657
6657
6657
6657
2500
6657
6657
6657
6657
6657
6657
6658
6658
6659
6658
6661
6658
6664
6665
6666
6666
6669
6673
6669
6676
6669
6679
2504
6683
6683
910
6682
6691
6678
6691
6688
6691
6691
6691
6691
6692
6692
2506
6692
6691
6693
6693
6693
6693
6693
6694
6694
6691
2506
6694
6696
6697
6698
6698
6701
6702
6702
6702
6705
6706
6706
2515
6709
2516
6710
6710
2523
6714
6714
2524
2520
6716
2524
6718
921
2528
6722
6722
6725
6726
6726
6726
6727
923
6729
6730
6732
6733
2544
6734
6738
2546
6738
6739
6739
6740
935
6771
6775
6776
6776
6776
6777
6777
6778
6779
6779
6779
2549
6779
6779
6779
6779
6779
6779
6779
6779
6779
6779
6779
6779
6779
2552
6781
6781
6781
6781
6781
6782
6782
6782
6782
6782
6783
6782
6780
2552
6783
6783
6784
6784
936
6787
6787
2559
6791
6791
6794
6795
6795
6795
6796
6797
6798
6799
6802
2593
6803
6803
6804
6805
6807
6807
6810
2593
6811
6811
2593
6812
941
6815
6823
6836
6840
6848
6849
6849
6849
2595
6852
6852
6852
2595
6852
6852
6854
6856
6856
2596
6856
6856
6856
6856
6856
6856
6856
6856
6856
6856
6857
6857
6857
6856
6858
6858
2596
6858
6859
6859
6859
6859
6859
6858
6860
6859
2597
6861
6862
2597
6864
6867
6868
6868
6869
942
6870
6872
6872
2597
6877
6877
6878
6879
2597
6880
6880
2602
6884
6884
6884
6888
6889
6889
6890
6890
6891
6890
6892
6894
6895
6896
6896
6900
2617
6900
6900
6901
6904
6905
6906
6908
2618
6908
6908
6911
6912
6912
2621
6913
2619
6916
6917
6923
6920
6931
2623
6944
6930
6947
6947
6948
6949
6948
6949
6949
6949
6949
6949
6949
6949
6949
6949
6949
6949
6949
2623
6949
2627
6949
6950
6949
6950
6950
6951
6950
6951
960
6953
6953
6955
6955
6957
2656
2650
6961
6961
6961
2657
6962
6965
2657
6977
2657
6998
2657
7002
7002
7002
7002
7002
7002
7002
7002
7003
7003
7003
2654
7005
7005
7006
2657
7006
7006
7006
7006
7006
7006
7007
2658
7008
7008
7009
7009
7009
2658
7010
7010
7010
7010
7010
7010
7010
7010
2658
7010
7012
7011
7013
7013
7014
7017
7018
7018
7018
7019
7022
2658
7023
7024
2658
7026
7026
7029
2658
7030
7030
7033
2658
7034
7034
7034
7038
7038
7038
7039
7040
7041
7042
2666
7045
7050
7052
7059
970
7072
7079
7079
7079
7079
2669
7080
7081
7081
2669
7082
7083
7083
7083
2669
7083
7083
2670
7084
7084
7084
7085
7085
7085
971
7084
7087
7087
7087
7087
7087
2673
7088
7089
7088
7089
7089
2673
7089
7090
7090
7090
7091
207
7095
7095
7095
7097
2678
7099
7099
2679
7103
7103
7103
7105
7105
7107
7107
7110
7111
2682
7111
7113
7113
2682
7115
7119
978
7116
7119
7120
7122
7122
7123
7126
2689
7127
7127
7129
7129
2689
7131
7135
7136
214
7137
7137
7138
7139
7139
7144
984
7146
7146
7147
7147
7147
7147
7153
7155
7155
2711
7155
7155
7155
7158
7156
2709
7159
7159
7163
7163
7164
7164
7165
7166
7166
7167
2714
7171
7171
7171
7175
7175
7177
7178
7178
7178
7179
7179
7181
2716
2718
7183
7185
7186
7186
7187
7193
2726
7195
7195
7195
7195
7195
7195
2730
7199
7199
7199
2733
7203
7204
7204
7206
7206
7207
2734
7210
2738
7211
7211
7253
7254
7255
1011
7256
7256
7256
7256
7256
7256
7256
7256
7256
7256
7256
7256
7256
7256
7257
7258
7258
7258
2751
7260
7260
7260
7260
7259
7260
7260
7260
7260
7260
7260
7260
2751
7260
7261
7261
7261
7260
7261
7261
7261
7261
7261
7262
2752
7261
7262
7262
7264
7264
7267
7268
7269
7269
7270
7272
2759
7272
2760
7276
7276
7276
7280
7280
2762
7280
7281
2762
7284
7284
7284
7288
7290
7291
7291
2798
7292
7292
2799
7296
7295
7297
7297
7299
7308
47
7314
7301
2807
7318
7326
7326
7314
7326
7326
7326
7326
7326
7326
7326
7326
7326
7327
7327
7327
7327
7327
7328
7328
7328
2810
7328
7329
7329
7328
7333
2833
7339
7343
7347
7346
7356
7352
7367
7363
7368
2833
7369
7369
7369
7369
7369
7370
7367
7370
7370
7370
7370
2834
7370
7370
7370
7370
7370
7370
7370
7370
7370
7370
7370
2835
7370
7370
7371
7370
7370
7371
1021
7374
7374
7378
7378
7378
2836
7380
7381
7382
2836
7390
7390
7390
2839
7391
7391
7392
7393
7393
7393
2839
7394
2839
7398
7398
7398
7402
2840
7403
7403
7404
7405
2840
7406
7409
7410
7410
7411
7412
2840
7414
7414
7418
2840
7420
7421
7421
7422
7422
7422
7423
7424
2840
7427
7428
7430
7429
7430
7432
7434
2840
7434
7438
7438
7440
2841
7442
7442
7442
7440
7446
7446
7447
2842
7447
7450
7449
7450
7454
2842
7456
7456
7457
7457
7458
2842
7462
7462
2842
7466
7466
7464
7467
7472
7474
7473
7477
7479
7483
2843
7498
7482
7499
7499
7499
7499
7489
7499
7499
7499
2844
7499
7499
7499
7499
7499
7499
7499
7499
7499
7499
7499
7499
7500
7500
2844
7499
7501
7502
7502
7503
1026
7507
7507
7507
7510
7511
7511
2844
7513
7514
7515
2844
7518
7519
7519
7519
7521
7522
7522
2844
7530
7531
7531
7531
7531
7531
7531
7532
7533
1039
7534
7535
7539
7539
2856
7540
7541
7542
7543
7547
7550
2880
7574
7574
7551
7557
7574
7574
7574
7575
7575
7574
7575
7576
7576
7576
7576
2888
7576
7576
7576
7576
7576
7576
7576
7576
7576
7576
7576
7576
7576
2890
7576
7577
7579
7578
2892
7581
7582
7583
7584
7592
7592
7592
2893
7593
7593
7594
7594
7594
7595
2893
2893
7598
7599
7600
7600
255
7604
7604
7604
7606
2895
7608
7608
7611
7612
7612
2897
7616
7616
2897
7617
7619
7620
7618
7620
2897
7624
7625
7626
7626
7627
7627
7628
7631
2897
7632
7632
7633
7634
7644
7646
7648
2907
7648
7648
7648
7648
7648
7648
7648
7648
2909
7649
7650
7650
7651
266
7654
2909
7656
7656
7658
7660
7660
7662
7663
7664
2915
7664
2916
7668
7668
7669
7669
7670
2917
7672
7676
7676
7676
2920
7685
7687
7688
7688
7688
7688
7688
7688
2934
7688
7689
7691
7689
7698
7698
7705
7705
7710
7715
2934
7721
7722
7722
7722
7696
7722
7722
7722
7723
7723
7723
7723
2935
7723
7723
7723
7723
7723
7723
7723
7723
7724
7724
2936
7724
7724
7725
7724
7725
7729
7729
7729
7730
7732
7732
7733
2942
2944
7737
7737
7738
7739
7739
7741
2945
2945
7744
7745
7745
7749
2950
7751
7751
7752
7753
7752
7753
1079
7757
7758
2952
7760
7761
7761
7761
7764
7765
7765
2960
7768
2960
7772
7772
7772
7773
7778
7778
7774
7783
7786
7787
2961
7788
7788
7788
7791
7788
7795
7796
2961
7803
7805
7799
7805
7805
7805
2961
7805
7806
7806
7806
7806
7805
7806
7806
7806
7806
7806
2961
7806
7807
7808
7809
2966
7814
7814
7814
7814
7818
7818
7819
2969
7819
7820
7821
7822
7825
2973
7826
7826
7827
7829
7830
7830
7840
7841
1109
7842
7842
7842
7842
7842
7842
7842
2989
7845
7846
7846
2989
7848
7849
7849
7850
7838
7854
2996
7855
7856
7855
7856
7857
7858
3001
7861
7861
7862
7864
7866
7866
7866
7870
7870
7870
7870
7871
3005
7873
7874
7878
7878
7878
7878
3010
7880
7882
7886
7889
7890
7892
7897
7896
7899
3020
7899
7906
7908
7910
7908
3021
7913
7913
7913
7913
7913
7914
7914
7914
7913
7915
7915
7915
7915
7913
7915
7915
3021
7915
7915
3022
7916
7916
7919
7919
7920
7921
7923
7924
3024
7925
7926
7927
7929
7930
7931
7931
7935
7935
7935
7935
7936
7939
3037
7939
7943
7943
3039
7943
7944
7946
7947
1146
7951
7951
3077
7959
7962
7964
7962
7967
7970
7970
7973
7974
7977
7979
7982
7985
3078
7985
7986
7986
7986
7986
7986
7987
7987
1148
7988
7988
7988
7988
7988
7988
7988
3078
7988
7988
7988
7988
7989
7990
7989
7990
7988
7992
7993
7995
7995
1148
7996
3082
8008
8009
8009
8009
8009
8013
8019
8025
8032
8025
8037
3082
8042
8043
8043
8043
8043
8044
8044
8044
8044
8044
8044
8044
8044
8044
3082
8045
8045
8045
8045
8045
8045
8045
8045
8045
8045
3082
8045
8045
8045
8045
8045
8045
8045
8045
8045
8045
8046
8047
8047
3082
8053
8053
8053
3082
8060
3082
8061
8061
8061
8061
8061
3082
8063
8063
8064
8065
8069
8069
8069
8069
8070
8071
8073
8073
8108
8108
8108
3090
8109
8110
8110
8110
8110
3097
8113
8113
8113
8114
8114
1152
8114
8114
8114
8114
8115
3098
8115
8115
8116
8116
8116
8116
8116
8117
8120
8121
8124
3099
8133
8137
8131
8133
8140
8142
8148
8148
3099
8119
8149
8149
8149
8150
3099
8150
8150
8149
8150
8149
8151
8151
8151
8151
8151
8151
8151
8151
8151
8151
8151
8151
8151
8151
8151
8151
8151
8151
8151
8151
8151
8151
3100
3100
8152
8155
8155
8155
3110
8163
8163
8163
8163
8163
8163
8163
1155
8165
8166
8167
3112
8171
8171
8171
8175
8178
8178
3126
8178
8179
8179
8179
8186
8187
3134
8187
8187
8187
8187
8188
8188
8189
8190
8191
8192
3166
8194
3169
8198
8198
8199
8199
8203
8203
8204
8205
3171
8206
8207
8207
3171
8211
8211
8212
3171
8214
3171
8217
8220
8223
8230
8234
314
8245
8248
8248
3171
8248
8248
3171
8248
8248
3171
8250
8248
3171
8251
8251
8252
8252
8252
8252
8252
8252
1172
8252
8252
8252
8252
8252
8252
8252
8252
8252
8252
3171
8254
8255
3171
8258
8259
8259
3171
8262
3171
8263
8264
8266
8267
3173
8268
8269
3173
8272
8272
8274
8275
8276
8276
3184
8284
8284
8284
8284
8284
8284
8284
8286
8286
8287
3190
8292
8292
8292
8292
8293
8296
8299
3200
8308
8318
8318
8318
8320
8327
3210
8326
8327
8327
8327
8327
8327
8328
8327
3213
8328
8329
8329
8329
8329
8329
8329
8329
8329
8329
8329
8328
8329
8329
8329
3211
8329
8333
8333
3224
8333
8334
8335
3224
8337
8340
8341
8341
8341
3224
8343
8346
8353
8346
8359
3224
8366
8363
8372
8373
8374
8374
8375
8376
8377
8374
1192
8377
8377
8377
8377
8377
8377
8377
8377
3224
8377
8377
8377
8377
3224
8377
8377
8377
8377
8378
8380
8381
3225
8387
8389
8391
8394
8401
8405
8393
1192
8414
8414
8414
8415
8415
8414
8415
8415
8415
8415
3224
8415
8415
8415
8415
8415
8415
8415
8415
8415
8415
8415
3224
8415
8415
8416
8417
8417
8419
8419
8421
8423
8423
8423
8427
8427
8427
3228
3230
8430
8430
8431
8432
3258
8434
1196
8438
3267
8439
8439
3273
8466
8470
8471
8472
8473
8473
8473
8474
3273
8474
8474
8475
8475
8475
8473
8476
8476
8476
3277
8476
8476
8476
8476
8476
8476
8476
8476
8476
8476
8476
8476
8476
8476
1196
8476
8476
8477
3280
8480
8480
8481
3282
1196
8484
8487
3300
8488
8488
8490
8491
8491
8492
8494
3302
8495
8496
8498
8499
8500
8500
3302
8504
8504
8504
8505
8506
8508
8508
8510
3302
8512
8512
8515
3303
8516
8516
3304
8520
8520
8520
8524
1200
8525
8524
8525
8526
3305
8528
3306
8532
8532
8532
8536
8536
8536
8536
3306
8538
8539
3306
8541
8543
3308
8544
8547
8548
3309
8548
8552
3328
8552
8552
3337
8556
8556
8556
3345
8560
8565
8576
8582
3345
8587
8589
8592
8592
8594
8594
8594
8594
8595
3346
8595
8595
8595
8595
8595
8596
8595
8596
8597
8596
8596
8597
3346
8597
8597
8597
8597
8597
8597
8597
8597
3347
8597
8598
8599
8600
8600
335
8601
3347
8604
8605
8605
8608
3347
8609
8609
8612
8613
8613
8613
3349
8616
8617
8617
8621
8621
3349
8622
8622
8623
8625
8625
3351
8628
8628
8629
3351
8647
8646
8652
8659
8662
8663
8663
8663
8663
3350
8664
8664
8663
8664
8664
3351
8665
8665
8664
8666
8665
8666
8666
8666
8666
8666
8665
8666
8666
8666
8666
1210
8666
8666
8666
3351
8668
8669
3351
8670
8673
3351
8674
8674
3355
8677
8677
8679
3359
8684
8687
8684
8690
8697
8703
3359
8706
8707
8710
8710
8709
3359
8715
8715
8715
8715
8715
8715
8715
3362
8715
8715
8715
8715
8715
8715
8715
8715
8715
8716
8716
8716
8716
8718
8715
3363
8717
8719
8719
8720
1248
8723
8723
8727
8727
8727
8728
3367
8729
8730
8731
8734
3371
8735
8735
3371
8738
8739
8739
8741
8742
8742
8742
3377
8747
8747
8748
8749
8750
8750
8751
3382
3383
8755
8756
8759
8762
3383
8774
8762
8777
8782
8782
8785
8786
8788
8786
8788
8788
3383
8788
8788
8789
8788
8789
8790
3384
8790
8791
3386
8791
8791
8791
8789
8791
8792
8792
8792
8792
8792
8792
8792
3387
8795
3391
8796
3394
8800
8800
8800
3395
8803
8804
8804
8806
8807
8808
8808
8810
8811
8812
8813
8812
8816
3403
8816
8820
8820
8820
8820
8821
8823
8826
8830
8832
8839
8839
8843
3411
8847
8853
8854
8853
8856
8856
8856
8856
8856
8857
8857
8857
8857
8857
8857
8857
8857
1284
8857
8857
8857
8857
8858
8858
8859
8858
3411
8859
8859
8860
8860
3412
8865
8865
3415
8866
8867
3416
8868
8869
3420
8873
8873
3426
8875
8877
3433
8877
3436
8880
8881
8881
3452
8885
8885
3452
8886
8888
8888
3452
8892
8893
3452
8893
8894
3452
8897
8897
8901
8902
8902
8903
8903
3452
8905
8905
8908
8909
3453
8909
8912
343
8913
8913
8915
8916
8917
8917
8919
8920
3455
8921
8925
8925
8925
8926
8927
8927
8928
8929
8930
3460
8932
8932
8935
8936
8937
8937
8939
8941
3467
8941
8941
3468
8944
343
3471
8949
8949
8949
8951
1286
8953
8954
8954
8955
3476
8957
8960
8961
8961
1287
8964
8965
8965
8965
8967
8968
8969
8969
8971
8972
8973
347
8975
8976
3484
8977
8981
8981
8982
3486
8983
8984
8984
8985
3488
8989
8989
3491
8991
8992
8992
8993
8996
8997
3494
8998
8999
9000
9000
1290
9005
9005
3500
9006
9007
9007
3500
9010
9015
9035
9041
1295
9043
9044
9044
9044
9044
9045
9045
3504
9046
9046
9046
9046
9046
9044
9046
9046
3504
9046
9046
9046
9046
9046
9046
9046
9046
9046
9046
9046
9046
9047
9047
9047
9046
9048
9048
9049
3506
9073
9085
9086
3526
9086
9087
9087
9087
9087
9087
9087
9087
9087
9087
9087
1297
9087
9088
9088
9088
9089
9087
9090
9090
9090
9091
9091
9091
9091
9091
9091
3543
9091
9091
9091
9091
9091
9091
9092
3543
9093
3543
9094
9094
3544
9098
9098
9098
3544
3544
9103
9103
9103
9104
1297
9107
3545
9110
9111
3545
9111
9124
9128
9133
9145
9145
3545
9145
9147
9149
9155
9150
3545
9166
9171
9171
9174
9166
9178
9178
9178
3545
9179
9179
9179
9176
9180
9180
9180
9180
1298
9181
9181
9181
9181
9181
9181
9181
9181
9181
9181
9181
9181
9181
9181
9181
9181
3546
9181
9181
9181
9181
9181
9182
9181
9182
9182
9182
9182
9183
9183
9183
9184
9183
3545
9184
9184
9185
9185
9184
9185
9185
9185
3545
9185
3546
9187
9187
3547
9191
9191
9192
9193
9194
9195
9196
3548
3548
9201
9201
9202
9204
9206
362
9213
9217
9221
9224
9213
3548
9234
9226
9234
9234
9233
9234
9234
9234
9234
3549
9234
9234
9234
9234
9234
9234
9234
3549
9234
9235
9235
9235
9235
9235
9236
9236
3549
9238
3553
9244
9245
9245
9246
9246
9246
1339
3555
9250
9250
9250
9252
9253
3557
9254
9256
3558
9258
9258
9262
9262
9264
3564
9266
9266
9266
9265
9270
9270
3565
9273
9273
9274
9273
1340
9277
9278
3605
9278
9280
9281
9282
3605
3606
9286
9286
9286
9288
9289
9290
9290
9294
9294
9294
3607
9296
9297
9298
9298
9301
3609
9302
9302
9306
9306
3610
9307
9307
9308
9309
9310
9314
9314
3609
9316
9316
9317
9317
3610
9320
9321
3610
9322
9323
3610
9326
9326
3610
9328
9329
9330
9334
9334
9335
9336
9337
9337
3610
9338
9340
9341
9342
3610
9344
9345
9346
3613
9348
9349
9349
1343
3616
9353
9354
3618
9356
9357
9358
9358
9359
3622
9361
1343
9365
9365
9366
3635
9369
3636
9370
9370
9373
9374
9374
9374
9377
9378
3638
9378
3638
9381
9382
9382
9386
9386
3646
9388
9388
9389
9390
3646
9392
9415
9417
3648
9422
9424
9424
9425
9425
9425
9425
9425
9425
9425
9426
9426
9427
9427
3649
9427
9425
9427
9427
9427
9427
9427
9427
9428
9428
3648
9429
9429
9429
9429
9427
9430
9430
3650
9431
9431
9430
3652
9435
9436
9436
1351
9437
3654
9439
9443
9443
1351
9444
9445
9445
3659
9447
3661
9457
9464
3662
9473
9475
9479
9481
9481
9481
9482
9482
3666
9484
9484
9484
9484
9484
9484
3666
9484
9484
9484
9484
9485
9485
9485
9485
9486
9487
3666
9488
9488
9488
9488
9488
1386
9488
9488
9486
3669
9490
9490
9492
3670
9500
9501
9502
9506
9509
3670
9518
9517
3674
9520
9525
9525
9525
9525
9525
9525
9525
9525
9525
9525
9525
9525
1386
9525
9525
9525
9525
9525
9525
9526
9526
9526
9526
9527
9528
9529
9529
9532
9533
3678
9533
9537
3682
9538
9539
9539
9539
9540
3683
3699
9544
9544
9545
3709
9548
9549
9549
3717
9553
9553
9553
9554
3717
9557
9557
9561
9561
9564
9565
9565
3718
9563
9565
9568
3718
9569
9569
3718
9572
9573
9573
3718
9577
9577
9577
1388
9581
9581
9581
9583
9584
9584
3719
9597
3720
9599
9600
9600
9601
9601
9601
9601
9601
3719
9601
9601
9601
9601
9602
9604
9602
3722
9605
9607
9608
3727
9609
9613
3732
9613
9613
9614
9615
9617
9617
9620
9621
9621
9621
9621
9623
3735
9625
9633
9640
9644
9647
9650
3738
9659
9659
9659
9659
9659
9660
9660
9660
9661
9660
3739
9661
9661
9661
9661
9661
9661
9661
9661
9661
9662
9662
9662
9662
9662
9662
3742
9662
9662
9662
9662
9663
3743
9665
9666
9670
3745
9671
9671
9672
9673
9673
3747
3747
9678
9678
9678
9682
9682
9682
9682
9684
3753
9686
9686
9691
9692
379
9694
9694
9694
9694
9694
9696
9698
9697
3759
9700
9701
9702
1393
9705
9706
9707
9707
9708
1393
9709
9710
9713
9714
9713
9715
9715
9716
9717
3793
9743
3798
9754
9754
9754
9754
9755
9755
9755
9755
9755
3801
9755
9755
9755
9755
9756
3801
9763
9758
9765
9768
9770
9772
9773
9756
9777
9756
9779
9780
9781
9784
9786
9789
9789
3801
9789
9789
9782
9790
9790
9790
9790
3801
9790
9790
9790
9790
9790
9790
9790
9791
9791
9791
9792
9791
9791
9792
9792
9792
9792
9792
9792
9792
3801
9792
9792
9792
9792
9792
9792
9792
1400
9794
9792
9795
3802
9796
3803
9800
9800
9800
9803
9804
3804
9804
9807
9807
3804
9808
9809
9811
1400
9812
9819
9825
9829
9833
3804
9842
9846
9846
9846
9846
9846
9846
9846
9847
9847
9847
3804
9848
9848
9848
9849
9849
9849
9849
3804
9849
9849
9849
9849
9849
9849
9849
9849
9849
9850
9849
9850
9852
9851
3805
9853
3806
9857
9857
9858
3806
9861
9860
9861
9865
9865
3804
9866
9866
9867
9869
3807
385
9873
9873
3811
9875
9876
9877
9877
9878
3814
9880
9881
9883
9884
3816
9885
3820
9889
9889
9889
9891
9893
9893
9893
9895
9896
9896
9897
9900
9901
3828
9901
9901
3828
9905
9905
9907
9907
9909
3832
9910
9911
9913
9913
3855
9916
9918
9919
9918
9924
9927
9930
9933
9936
1428
9940
9940
9943
9946
9948
9949
9949
9950
9950
9950
9950
9950
3867
9950
9950
9950
9950
9950
9950
9950
9950
9950
9950
3867
9950
9951
9951
9952
9953
9954
3867
9958
9958
9958
9960
9961
3869
9962
9964
3869
9965
9966
9969
3869
9970
9971
9971
9973
9974
9974
9978
9979
9979
9980
9980
3869
9981
9982
9986
1432
9987
9988
9988
3870
9989
3870
9991
9992
9993
3871
9995
9997
9998
3871
10000
10000
10000
